<p><!--
QBlastInfoBegin
	Status=READY
QBlastInfoEnd
--><p>
<PRE>
BLASTP 2.3.0+
Reference: Stephen F. Altschul, Thomas L. Madden, Alejandro
A. Schaffer, Jinghui Zhang, Zheng Zhang, Webb Miller, and
David J. Lipman (1997), "Gapped BLAST and PSI-BLAST: a new
generation of protein database search programs", Nucleic
Acids Res. 25:3389-3402.


Reference for compositional score matrix adjustment: Stephen
F. Altschul, John C. Wootton, E. Michael Gertz, Richa
Agarwala, Aleksandr Morgulis, Alejandro A. Schaffer, and
Yi-Kuo Yu (2005) "Protein database searches using
compositionally adjusted substitution matrices", FEBS J.
272:5101-5109.


RID: 5AR969NW015


Database: All non-redundant GenBank CDS
translations+PDB+SwissProt+PIR+PRF excluding environmental samples
from WGS projects
           77,306,371 sequences; 28,104,191,422 total letters
Query= 
Length=208


                                                                   Score     E
Sequences producing significant alignments:                       (Bits)  Value

gb|AAZ22545.1|  truncated hemoglobin beta chain [Homo sapiens]     75.9    1e-14
gb|AAA88057.1|  beta-globin [Homo sapiens]                         48.9    9e-05
gb|AAD30656.1|  mutant beta-globin [Homo sapiens]                  42.4    0.031
gb|ABY26552.1|  truncated beta-globin [Homo sapiens]               37.7    0.94 
gb|AAK28066.1|AF319479_1  truncated beta-globin [Homo sapiens]     37.7    0.97 

ALIGNMENTS
>gb|AAZ22545.1| truncated hemoglobin beta chain [Homo sapiens]
Length=60

 Score = 75.9 bits (185),  Expect = 1e-14, Method: Compositional matrix adjust.
 Identities = 36/38 (95%), Positives = 38/38 (100%), Gaps = 0/38 (0%)

Query  40  KLVVRPWAGCWWSTLGPRGSLSPLGICPLLMLLWATLR  77
           ++VVRPWAGCWWSTLGPRGSLSPLGICPLLMLLWATLR
Sbjct  23  EVVVRPWAGCWWSTLGPRGSLSPLGICPLLMLLWATLR  60


>gb|AAA88057.1| beta-globin [Homo sapiens]
Length=60

 Score = 48.9 bits (115),  Expect = 9e-05, Method: Compositional matrix adjust.
 Identities = 23/23 (100%), Positives = 23/23 (100%), Gaps = 0/23 (0%)

Query  55  GPRGSLSPLGICPLLMLLWATLR  77
           GPRGSLSPLGICPLLMLLWATLR
Sbjct  38  GPRGSLSPLGICPLLMLLWATLR  60


>gb|AAD30656.1| mutant beta-globin [Homo sapiens]
Length=89

 Score = 42.4 bits (98),  Expect = 0.031, Method: Compositional matrix adjust.
 Identities = 20/20 (100%), Positives = 20/20 (100%), Gaps = 0/20 (0%)

Query  58  GSLSPLGICPLLMLLWATLR  77
           GSLSPLGICPLLMLLWATLR
Sbjct  70  GSLSPLGICPLLMLLWATLR  89


>gb|ABY26552.1| truncated beta-globin [Homo sapiens]
Length=63

 Score = 37.7 bits (86),  Expect = 0.94, Method: Compositional matrix adjust.
 Identities = 23/37 (62%), Positives = 23/37 (62%), Gaps = 10/37 (27%)

Query  41  LVVRPWAGCWWSTLGPRGSLSPLGICPLLMLLWATLR  77
           LVV PW             LSPLGICPLLMLLWATLR
Sbjct  37  LVVYPWTQ----------RLSPLGICPLLMLLWATLR  63


>gb|AAK28066.1|AF319479_1 truncated beta-globin [Homo sapiens]
Length=59

 Score = 37.7 bits (86),  Expect = 0.97, Method: Compositional matrix adjust.
 Identities = 23/37 (62%), Positives = 23/37 (62%), Gaps = 10/37 (27%)

Query  41  LVVRPWAGCWWSTLGPRGSLSPLGICPLLMLLWATLR  77
           LVV PW             LSPLGICPLLMLLWATLR
Sbjct  33  LVVYPWTQ----------RLSPLGICPLLMLLWATLR  59


  Database: All non-redundant GenBank CDS translations+PDB+SwissProt+PIR+PRF
excluding environmental samples from WGS projects
    Posted date:  Nov 21, 2015  1:45 AM
  Number of letters in database: 28,104,191,422
  Number of sequences in database:  77,306,371

Lambda      K        H
   0.343    0.146    0.592 
Gapped
Lambda      K        H
   0.267   0.0410    0.140 
Matrix: BLOSUM62
Gap Penalties: Existence: 11, Extension: 1
Number of Sequences: 77306371
Number of Hits to DB: 553063812
Number of extensions: 21392338
Number of successful extensions: 64877
Number of sequences better than 100: 9
Number of HSP's better than 100 without gapping: 0
Number of HSP's gapped: 64875
Number of HSP's successfully gapped: 9
Length of query: 208
Length of database: 28104191422
Length adjustment: 144
Effective length of query: 64
Effective length of database: 16972073998
Effective search space: 1086212735872
Effective search space used: 1086212735872
T: 11
A: 40
X1: 15 (7.4 bits)
X2: 38 (14.6 bits)
X3: 64 (24.7 bits)
S1: 38 (19.2 bits)
S2: 75 (33.5 bits)
ka-blk-alpha gapped: 1.9
ka-blk-alpha ungapped: 0.7916
ka-blk-alpha_v gapped: 42.6028
ka-blk-alpha_v ungapped: 4.96466
ka-blk-sigma gapped: 43.6362




